<?xml version="1.0" encoding="UTF-8"?>
<!-- Generated by org.testng.reporters.JUnitXMLReporter -->
<testsuite ignored="1" hostname="Praveens-MBP.Home" failures="0" tests="2" name="ErrorValidationTest" time="7.046" errors="0" timestamp="2023-12-13T13:50:01 GMT">
  <testcase classname="SwagLabs.Tests.ErrorvalidationTest" name="cartPageErrorValidation" time="3.778"/>
  <testcase classname="SwagLabs.Tests.ErrorvalidationTest" name="confirmationMessageValidation" time="3.236"/>
  <testcase classname="SwagLabs.Tests.ErrorvalidationTest" name="loginErrorvalidation" time="0.0">
    <ignored/>
  </testcase> <!-- loginErrorvalidation -->
</testsuite> <!-- ErrorValidationTest -->
