<?xml version="1.0" encoding="UTF-8"?>
<!-- Generated by org.testng.reporters.JUnitXMLReporter -->
<testsuite ignored="0" hostname="Praveens-MBP.Home" failures="1" tests="1" name="RegressionTest" time="2.847" errors="0" timestamp="2023-12-13T15:26:03 GMT">
  <testcase classname="SwagLabs.Tests.SubmitOrderTest" name="BuyProductTest" time="2.819">
    <failure type="java.lang.NullPointerException" message="null value in entry: url=null">
      <![CDATA[java.lang.NullPointerException: null value in entry: url=null
at com.google.common.collect.CollectPreconditions.checkEntryNotNull(CollectPreconditions.java:33)
at com.google.common.collect.SingletonImmutableBiMap.<init>(SingletonImmutableBiMap.java:43)
at com.google.common.collect.ImmutableBiMap.of(ImmutableBiMap.java:83)
at com.google.common.collect.ImmutableMap.of(ImmutableMap.java:130)
at org.openqa.selenium.remote.DriverCommand.GET(DriverCommand.java:194)
at org.openqa.selenium.remote.RemoteWebDriver.get(RemoteWebDriver.java:305)
at SwagLabs.PageObject.LoginPage.gotTo(LoginPage.java:48)
at SwagLabs.TestComponents.BaseTest.launchApplication(BaseTest.java:54)
at SwagLabs.Tests.SubmitOrderTest.BuyProductTest(SubmitOrderTest.java:34)
at java.base/java.util.ArrayList.forEach(ArrayList.java:1511)
... Removed 27 stack frames]]>
    </failure>
  </testcase> <!-- BuyProductTest -->
</testsuite> <!-- RegressionTest -->
